//srv
//..
//sys
//opt
//proc
//dev
//tmp
//sbin
//lib
//libx32
//etc
//var
//lib32
//usr
//snap
//media
//home
//mnt
//.
//root
//boot
//swap.img
//bin
//lost+found
//swap
//lib64
//cdrom
//run
//srv
//..
//sys
//opt
//proc
//dev
//tmp
//sbin
//lib
//libx32
//etc
//var
//lib32
//usr
//snap
//media
//home
//mnt
//.
//root
//boot
//swap.img
//bin
//lost+found
//swap
//lib64
//cdrom
//run
/home/..
/home/.
/home/p1g3s
/home/p1g3s/..
/home/p1g3s/.gitconfig
/home/p1g3s/recover
/home/p1g3s/.bash_history
/home/p1g3s/.wget-hsts
/home/p1g3s/.config
/home/p1g3s/.vimrc
/home/p1g3s/.sudo_as_admin_successful
/home/p1g3s/.bash_logout
/home/p1g3s/.bashrc
/home/p1g3s/.
/home/p1g3s/workspace
/home/p1g3s/.cache
/home/p1g3s/.lesshst
/home/p1g3s/bin
/home/p1g3s/download
/home/p1g3s/.viminfo
/home/p1g3s/.vim
/home/p1g3s/.python_history
/home/p1g3s/TEMP
/home/p1g3s/.profile
/home/p1g3s/..
/home/p1g3s/.gitconfig
/home/p1g3s/recover
/home/p1g3s/.bash_history
/home/p1g3s/.wget-hsts
/home/p1g3s/.config
/home/p1g3s/.vimrc
/home/p1g3s/.sudo_as_admin_successful
/home/p1g3s/.bash_logout
/home/p1g3s/.bashrc
/home/p1g3s/.
/home/p1g3s/workspace
/home/p1g3s/.cache
/home/p1g3s/.lesshst
/home/p1g3s/bin
/home/p1g3s/download
/home/p1g3s/.viminfo
/home/p1g3s/.vim
/home/p1g3s/.python_history
/home/p1g3s/TEMP
/home/p1g3s/.profile
/home/p1g3s/..
/home/p1g3s/.gitconfig
/home/p1g3s/recover   NODATA
/home/p1g3s/.bash_history   NODATA
/home/p1g3s/.wget-hsts   NODATA
/home/p1g3s/.config   NODATA
/home/p1g3s/.vimrc   NODATA
/home/p1g3s/.sudo_as_admin_successful   NODATA
/home/p1g3s/.bash_logout   NODATA
/home/p1g3s/.bashrc   NODATA
/home/p1g3s/.   NODATA
/home/p1g3s/workspace
/home/p1g3s/.cache
/home/p1g3s/.lesshst
/home/p1g3s/bin
/home/p1g3s/download
/home/p1g3s/.viminfo
/home/p1g3s/.vim
/home/p1g3s/.python_history
/home/p1g3s/TEMP
/home/p1g3s/.profile
/home/p1g3s/..
/home/p1g3s/.gitconfig
/home/p1g3s/recover   NODATA
/home/p1g3s/.bash_history   NODATA
/home/p1g3s/.wget-hsts   NODATA
/home/p1g3s/.config   NODATA
/home/p1g3s/.vimrc   NODATA
/home/p1g3s/.sudo_as_admin_successful   NODATA
/home/p1g3s/.bash_logout   NODATA
/home/p1g3s/.bashrc   NODATA
/home/p1g3s/.   NODATA
/home/p1g3s/workspace
/home/p1g3s/.cache
/home/p1g3s/.lesshst
/home/p1g3s/bin
/home/p1g3s/download
/home/p1g3s/.viminfo
/home/p1g3s/.vim
/home/p1g3s/.python_history
/home/p1g3s/TEMP
/home/p1g3s/.profile
/home/p1g3s/download/..
/home/p1g3s/download/libiconv-1.16
/home/p1g3s/download/libiconv-1.16.tar.gz
/home/p1g3s/download/fuse-3.10.1
/home/p1g3s/download/fuse-3.10.1.tar.xz
/home/p1g3s/download/.
/home/p1g3s/download/1
/home/p1g3s/download/..
/home/p1g3s/download/libiconv-1.16
/home/p1g3s/download/libiconv-1.16.tar.gz
/home/p1g3s/download/fuse-3.10.1
/home/p1g3s/download/fuse-3.10.1.tar.xz
/home/p1g3s/download/.
/home/p1g3s/download/1   NODATA
/home/p1g3s/download/..   NODATA
/home/p1g3s/download/libiconv-1.16   NODATA
/home/p1g3s/download/libiconv-1.16.tar.gz   NODATA
/home/p1g3s/download/fuse-3.10.1   NODATA
/home/p1g3s/download/fuse-3.10.1.tar.xz   NODATA
/home/p1g3s/download/.
/home/p1g3s/download/1
/home/p1g3s/download/..
/home/p1g3s/download/libiconv-1.16
/home/p1g3s/download/libiconv-1.16.tar.gz
/home/p1g3s/download/fuse-3.10.1
/home/p1g3s/download/fuse-3.10.1.tar.xz
/home/p1g3s/download/.
/home/p1g3s/download/1
/home/p1g3s/download/..
/home/p1g3s/download/libiconv-1.16
/home/p1g3s/download/libiconv-1.16.tar.gz
/home/p1g3s/download/fuse-3.10.1
/home/p1g3s/download/fuse-3.10.1.tar.xz
/home/p1g3s/download/.
/home/p1g3s/download/1
/home/p1g3s/..
/home/p1g3s/.gitconfig
/home/p1g3s/recover
/home/p1g3s/.bash_history
/home/p1g3s/.wget-hsts
/home/p1g3s/.config
/home/p1g3s/.vimrc
/home/p1g3s/.sudo_as_admin_successful
/home/p1g3s/.bash_logout
/home/p1g3s/.bashrc
/home/p1g3s/.
/home/p1g3s/workspace
/home/p1g3s/.cache
/home/p1g3s/.lesshst
/home/p1g3s/bin
/home/p1g3s/download
/home/p1g3s/.viminfo
/home/p1g3s/.vim
/home/p1g3s/.python_history
/home/p1g3s/TEMP
/home/p1g3s/.profile
/home/p1g3s/..
/home/p1g3s/.gitconfig
/home/p1g3s/recover   NODATA
/home/p1g3s/.bash_history   NODATA
/home/p1g3s/.wget-hsts   NODATA
/home/p1g3s/.config   NODATA
/home/p1g3s/.vimrc   NODATA
/home/p1g3s/.sudo_as_admin_successful   NODATA
/home/p1g3s/.bash_logout   NODATA
/home/p1g3s/.bashrc   NODATA
/home/p1g3s/.   NODATA
/home/p1g3s/workspace
/home/p1g3s/.cache
/home/p1g3s/.lesshst
/home/p1g3s/bin
/home/p1g3s/download
/home/p1g3s/.viminfo
/home/p1g3s/.vim
/home/p1g3s/.python_history
/home/p1g3s/TEMP
/home/p1g3s/.profile
/home/p1g3s/..
/home/p1g3s/.gitconfig
/home/p1g3s/recover
/home/p1g3s/.bash_history
/home/p1g3s/.wget-hsts
/home/p1g3s/.config
/home/p1g3s/.vimrc
/home/p1g3s/.sudo_as_admin_successful
/home/p1g3s/.bash_logout
/home/p1g3s/.bashrc
/home/p1g3s/.
/home/p1g3s/workspace
/home/p1g3s/.cache
/home/p1g3s/.lesshst
/home/p1g3s/bin
/home/p1g3s/download
/home/p1g3s/.viminfo
/home/p1g3s/.vim
/home/p1g3s/.python_history
/home/p1g3s/TEMP
/home/p1g3s/.profile
/home/p1g3s/..
/home/p1g3s/.gitconfig
/home/p1g3s/recover
/home/p1g3s/.bash_history
/home/p1g3s/.wget-hsts
/home/p1g3s/.config
/home/p1g3s/.vimrc
/home/p1g3s/.sudo_as_admin_successful
/home/p1g3s/.bash_logout
/home/p1g3s/.bashrc
/home/p1g3s/.
/home/p1g3s/workspace
/home/p1g3s/.cache
/home/p1g3s/.lesshst
/home/p1g3s/bin
/home/p1g3s/download
/home/p1g3s/.viminfo
/home/p1g3s/.vim
/home/p1g3s/.python_history
/home/p1g3s/TEMP
/home/p1g3s/.profile
